c:\users\lordy\desktop\parachute panic c++\parachute-panic-cpp\parachutingc++\x64\release\vc143.pdb
c:\users\lordy\desktop\parachute panic c++\parachute-panic-cpp\parachutingc++\x64\release\vector2.obj
c:\users\lordy\desktop\parachute panic c++\parachute-panic-cpp\parachutingc++\x64\release\rigidbody.obj
c:\users\lordy\desktop\parachute panic c++\parachute-panic-cpp\parachutingc++\x64\release\projectile.obj
c:\users\lordy\desktop\parachute panic c++\parachute-panic-cpp\parachutingc++\x64\release\player.obj
c:\users\lordy\desktop\parachute panic c++\parachute-panic-cpp\parachutingc++\x64\release\main.obj
c:\users\lordy\desktop\parachute panic c++\parachute-panic-cpp\parachutingc++\x64\release\inventory.obj
c:\users\lordy\desktop\parachute panic c++\parachute-panic-cpp\parachutingc++\x64\release\gameobject.obj
c:\users\lordy\desktop\parachute panic c++\parachute-panic-cpp\parachutingc++\x64\release\game.obj
c:\users\lordy\desktop\parachute panic c++\parachute-panic-cpp\parachutingc++\x64\release\enemy.obj
c:\users\lordy\desktop\parachute panic c++\parachute-panic-cpp\x64\release\parachutingc++.exe
c:\users\lordy\desktop\parachute panic c++\parachute-panic-cpp\x64\release\parachutingc++.pdb
c:\users\lordy\desktop\parachute panic c++\parachute-panic-cpp\parachutingc++\x64\release\parachutingc++.ipdb
c:\users\lordy\desktop\parachute panic c++\parachute-panic-cpp\parachutingc++\x64\release\parachutingc++.iobj
c:\users\lordy\desktop\parachute panic c++\parachute-panic-cpp\parachutingc++\x64\release\source.obj
c:\users\lordy\desktop\parachute panic c++\parachute-panic-cpp\parachutingc++\x64\release\parachutingc++.tlog\cl.command.1.tlog
c:\users\lordy\desktop\parachute panic c++\parachute-panic-cpp\parachutingc++\x64\release\parachutingc++.tlog\cl.items.tlog
c:\users\lordy\desktop\parachute panic c++\parachute-panic-cpp\parachutingc++\x64\release\parachutingc++.tlog\cl.read.1.tlog
c:\users\lordy\desktop\parachute panic c++\parachute-panic-cpp\parachutingc++\x64\release\parachutingc++.tlog\cl.write.1.tlog
c:\users\lordy\desktop\parachute panic c++\parachute-panic-cpp\parachutingc++\x64\release\parachutingc++.tlog\link.command.1.tlog
c:\users\lordy\desktop\parachute panic c++\parachute-panic-cpp\parachutingc++\x64\release\parachutingc++.tlog\link.read.1.tlog
c:\users\lordy\desktop\parachute panic c++\parachute-panic-cpp\parachutingc++\x64\release\parachutingc++.tlog\link.secondary.1.tlog
c:\users\lordy\desktop\parachute panic c++\parachute-panic-cpp\parachutingc++\x64\release\parachutingc++.tlog\link.write.1.tlog
